<?xml version="1.0" encoding="UTF-8"?>
<!-- Generated by org.testng.reporters.JUnitReportReporter -->
<testsuite skipped="0" hostname="Mohammeds-MBP.cable.rcn.com" name="practice.collections.codes.ArreyClass" tests="1" failures="0" timestamp="16 Oct 2021 00:01:20 GMT" time="0.027" errors="0">
  <testcase name="sorting" time="0.027" classname="practice.collections.codes.ArreyClass"/>
</testsuite> <!-- practice.collections.codes.ArreyClass -->
