<?xml version="1.0" encoding="UTF-8"?>
<!-- Generated by org.testng.reporters.JUnitReportReporter -->
<testsuite skipped="0" hostname="Mohammeds-MBP.cable.rcn.com" name="practice.collections.codes.loopConcept" tests="1" failures="0" timestamp="16 Oct 2021 02:10:22 GMT" time="0.030" errors="0">
  <testcase name="forEachLoop" time="0.030" classname="practice.collections.codes.loopConcept"/>
</testsuite> <!-- practice.collections.codes.loopConcept -->
