<?xml version="1.0" encoding="UTF-8"?>
<!-- Generated by org.testng.reporters.JUnitReportReporter -->
<testsuite skipped="0" hostname="Mohammeds-MBP.cable.rcn.com" name="selenium.chalenges.ParallelTest" tests="3" failures="0" timestamp="13 Oct 2021 22:28:57 GMT" time="10.374" errors="0">
  <testcase name="ChromeBrowserTest" time="3.809" classname="selenium.chalenges.ParallelTest"/>
  <testcase name="SafariBrowserTest" time="3.224" classname="selenium.chalenges.ParallelTest"/>
  <testcase name="EdgeBrowserTest" time="3.341" classname="selenium.chalenges.ParallelTest"/>
</testsuite> <!-- selenium.chalenges.ParallelTest -->
