<?xml version="1.0" encoding="UTF-8"?>
<!-- Generated by org.testng.reporters.JUnitReportReporter -->
<testsuite skipped="0" hostname="Mohammeds-MBP.cable.rcn.com" name="practice.collections.codes.ArraysClass" tests="1" failures="0" timestamp="13 Dec 2021 18:15:58 GMT" time="0.014" errors="0">
  <testcase name="mains" time="0.014" classname="practice.collections.codes.ArraysClass"/>
</testsuite> <!-- practice.collections.codes.ArraysClass -->
