<?xml version="1.0" encoding="UTF-8"?>
<!-- Generated by org.testng.reporters.JUnitReportReporter -->
<testsuite skipped="0" hostname="Mohammeds-MBP.cable.rcn.com" name="practice.collections.codes.secondHighestNum" tests="1" failures="0" timestamp="28 Oct 2021 01:17:01 GMT" time="0.014" errors="0">
  <testcase name="sortedtest" time="0.014" classname="practice.collections.codes.secondHighestNum"/>
</testsuite> <!-- practice.collections.codes.secondHighestNum -->
