<?xml version="1.0" encoding="UTF-8"?>
<!-- Generated by org.testng.reporters.JUnitReportReporter -->
<testsuite skipped="0" hostname="Mohammeds-MBP.cable.rcn.com" name="selenium.chalenges.RedioButton" tests="1" failures="0" timestamp="09 Oct 2021 18:24:41 GMT" time="26.530" errors="0">
  <testcase name="getRadioButton" time="26.530" classname="selenium.chalenges.RedioButton"/>
</testsuite> <!-- selenium.chalenges.RedioButton -->
