<?xml version="1.0" encoding="UTF-8"?>
<!-- Generated by org.testng.reporters.JUnitReportReporter -->
<testsuite skipped="0" hostname="Mohammeds-MBP.cable.rcn.com" name="practice.collections.codes.NumberSwappingprogram" tests="1" failures="0" timestamp="23 Oct 2021 16:51:20 GMT" time="0.012" errors="0">
  <testcase name="SwapWithOutThardVariable" time="0.012" classname="practice.collections.codes.NumberSwappingprogram"/>
</testsuite> <!-- practice.collections.codes.NumberSwappingprogram -->
