<?xml version="1.0" encoding="UTF-8"?>
<!-- Generated by org.testng.reporters.JUnitReportReporter -->
<testsuite skipped="0" hostname="Mohammeds-MBP.cable.rcn.com" name="com.myrunner.BasicAuthTest" tests="1" failures="0" timestamp="11 Dec 2021 23:48:59 GMT" time="2.077" errors="0">
  <testcase name="OAuthTwoAndTokenAuthentication" time="2.077" classname="com.myrunner.BasicAuthTest"/>
</testsuite> <!-- com.myrunner.BasicAuthTest -->
