<?xml version="1.0" encoding="UTF-8"?>
<!-- Generated by org.testng.reporters.JUnitReportReporter -->
<testsuite skipped="0" hostname="Mohammeds-MBP.cable.rcn.com" name="practice.collections.codes.PrimeNumber" tests="1" failures="0" timestamp="23 Nov 2021 22:02:11 GMT" time="0.013" errors="0">
  <testcase name="findprimeNum" time="0.013" classname="practice.collections.codes.PrimeNumber"/>
</testsuite> <!-- practice.collections.codes.PrimeNumber -->
