<?xml version="1.0" encoding="UTF-8"?>
<!-- Generated by org.testng.reporters.JUnitReportReporter -->
<testsuite skipped="0" hostname="Mohammeds-MBP.cable.rcn.com" name="practice.collections.codes.djvdb" tests="1" failures="0" timestamp="15 Oct 2021 23:39:13 GMT" time="0.021" errors="0">
  <testcase name="continueStatement" time="0.021" classname="practice.collections.codes.djvdb"/>
</testsuite> <!-- practice.collections.codes.djvdb -->
