<?xml version="1.0" encoding="UTF-8"?>
<!-- Generated by org.testng.reporters.JUnitReportReporter -->
<testsuite skipped="0" hostname="Mohammeds-MBP" name="selenium.chalenges.DragAndDrop" tests="1" failures="0" timestamp="30 Oct 2021 21:19:34 GMT" time="9.014" errors="0">
  <testcase name="DragnDrop" time="9.014" classname="selenium.chalenges.DragAndDrop"/>
</testsuite> <!-- selenium.chalenges.DragAndDrop -->
