<?xml version="1.0" encoding="UTF-8"?>
<!-- Generated by org.testng.reporters.JUnitReportReporter -->
<testsuite skipped="0" hostname="Mohammeds-MBP.cable.rcn.com" name="selenium.chalenges.Encoded_Decoded" tests="1" failures="0" timestamp="04 Dec 2021 20:54:45 GMT" time="0.012" errors="0">
  <testcase name="getUserName" time="0.012" classname="selenium.chalenges.Encoded_Decoded"/>
</testsuite> <!-- selenium.chalenges.Encoded_Decoded -->
