<?xml version="1.0" encoding="UTF-8"?>
<!-- Generated by org.testng.reporters.JUnitReportReporter -->
<testsuite skipped="0" hostname="Mohammeds-MBP.cable.rcn.com" name="selenium.chalenges.LamdaTestDownloadFile" tests="1" failures="0" timestamp="21 Oct 2021 00:46:52 GMT" time="9.491" errors="0">
  <testcase name="fileDownload" time="9.491" classname="selenium.chalenges.LamdaTestDownloadFile"/>
</testsuite> <!-- selenium.chalenges.LamdaTestDownloadFile -->
