<?xml version="1.0" encoding="UTF-8"?>
<!-- Generated by org.testng.reporters.JUnitReportReporter -->
<testsuite skipped="0" hostname="Mohammeds-MBP.cable.rcn.com" name="practice.collections.codes.PalindromeExample" tests="1" failures="0" timestamp="22 Dec 2021 21:34:38 GMT" time="0.009" errors="0">
  <testcase name="PalindromeExample2" time="0.009" classname="practice.collections.codes.PalindromeExample"/>
</testsuite> <!-- practice.collections.codes.PalindromeExample -->
