<?xml version="1.0" encoding="UTF-8"?>
<!-- Generated by org.testng.reporters.JUnitReportReporter -->
<testsuite skipped="0" hostname="Mohammeds-MBP.cable.rcn.com" name="practice.collections.codes.BreakAndContinue" tests="1" failures="0" timestamp="16 Oct 2021 21:19:07 GMT" time="0.032" errors="0">
  <testcase name="continueStatement" time="0.032" classname="practice.collections.codes.BreakAndContinue"/>
</testsuite> <!-- practice.collections.codes.BreakAndContinue -->
