<?xml version="1.0" encoding="UTF-8"?>
<!-- Generated by org.testng.reporters.JUnitReportReporter -->
<testsuite skipped="0" hostname="Mohammeds-MBP.cable.rcn.com" name="practice.collections.codes.ArmstrongNumber" tests="1" failures="0" timestamp="09 Dec 2021 23:56:36 GMT" time="0.013" errors="0">
  <testcase name="main" time="0.013" classname="practice.collections.codes.ArmstrongNumber"/>
</testsuite> <!-- practice.collections.codes.ArmstrongNumber -->
