<?xml version="1.0" encoding="UTF-8"?>
<!-- Generated by org.testng.reporters.JUnitReportReporter -->
<testsuite skipped="0" hostname="Mohammeds-MBP.cable.rcn.com" name="com.apitesting.API_Auth_Test" tests="1" failures="0" timestamp="10 Dec 2021 15:17:05 GMT" time="2.456" errors="0">
  <testcase name="basicChlangesAuthticantion" time="2.456" classname="com.apitesting.API_Auth_Test"/>
</testsuite> <!-- com.apitesting.API_Auth_Test -->
