<?xml version="1.0" encoding="UTF-8"?>
<!-- Generated by org.testng.reporters.JUnitReportReporter -->
<testsuite skipped="0" hostname="Mohammeds-MBP" name="selenium.chalenges.CheckBoxOperations" tests="1" failures="0" timestamp="30 Oct 2021 20:02:56 GMT" time="16.979" errors="0">
  <testcase name="Element_isSelected" time="16.979" classname="selenium.chalenges.CheckBoxOperations"/>
</testsuite> <!-- selenium.chalenges.CheckBoxOperations -->
