<?xml version="1.0" encoding="UTF-8"?>
<!-- Generated by org.testng.reporters.JUnitReportReporter -->
<testsuite skipped="0" hostname="Mohammeds-MBP" name="selenium.chalenges.FileUpload_Robo" tests="1" failures="0" timestamp="30 Oct 2021 23:00:39 GMT" time="9.421" errors="0">
  <testcase name="UploadSendkeys" time="9.421" classname="selenium.chalenges.FileUpload_Robo"/>
</testsuite> <!-- selenium.chalenges.FileUpload_Robo -->
