<?xml version="1.0" encoding="UTF-8"?>
<!-- Generated by org.testng.reporters.JUnitReportReporter -->
<testsuite skipped="0" hostname="Mohammeds-MBP.cable.rcn.com" name="practice.collections.codes.LoopingConcept" tests="1" failures="0" timestamp="16 Oct 2021 21:11:38 GMT" time="0.010" errors="0">
  <testcase name="doWhileLoop" time="0.010" classname="practice.collections.codes.LoopingConcept"/>
</testsuite> <!-- practice.collections.codes.LoopingConcept -->
