<?xml version="1.0" encoding="UTF-8"?>
<!-- Generated by org.testng.reporters.JUnitReportReporter -->
<testsuite skipped="0" hostname="Mohammeds-MBP.cable.rcn.com" name="practice.collections.codes.StringIntervewoCodes" tests="1" failures="0" timestamp="29 Jan 2022 22:02:31 GMT" time="0.010" errors="0">
  <testcase name="getDuplicates" time="0.010" classname="practice.collections.codes.StringIntervewoCodes"/>
</testsuite> <!-- practice.collections.codes.StringIntervewoCodes -->
