<?xml version="1.0" encoding="UTF-8"?>
<!-- Generated by org.testng.reporters.JUnitReportReporter -->
<testsuite skipped="0" hostname="Mohammeds-MBP.cable.rcn.com" name="selenium.chalenges.MouseHover" tests="1" failures="0" timestamp="09 Oct 2021 18:44:24 GMT" time="17.705" errors="0">
  <testcase name="mouseHoverTest" time="17.705" classname="selenium.chalenges.MouseHover"/>
</testsuite> <!-- selenium.chalenges.MouseHover -->
