<?xml version="1.0" encoding="UTF-8"?>
<!-- Generated by org.testng.reporters.JUnitReportReporter -->
<testsuite skipped="0" hostname="Mohammeds-MBP.cable.rcn.com" name="practice.collections.codes.ListClass" tests="2" failures="0" timestamp="20 Oct 2021 22:29:39 GMT" time="0.023" errors="0">
  <testcase name="reverseNum" time="0.022" classname="practice.collections.codes.ListClass"/>
  <testcase name="stringLenth" time="0.001" classname="practice.collections.codes.ListClass"/>
</testsuite> <!-- practice.collections.codes.ListClass -->
