<?xml version="1.0" encoding="UTF-8"?>
<!-- Generated by org.testng.reporters.JUnitReportReporter -->
<testsuite skipped="0" hostname="Mohammeds-MBP.cable.rcn.com" name="practice.collections.codes.EvenOrOddNumber" tests="1" failures="0" timestamp="18 Dec 2021 02:23:11 GMT" time="0.025" errors="0">
  <testcase name="main" time="0.025" classname="practice.collections.codes.EvenOrOddNumber"/>
</testsuite> <!-- practice.collections.codes.EvenOrOddNumber -->
