<?xml version="1.0" encoding="UTF-8"?>
<!-- Generated by org.testng.reporters.JUnitReportReporter -->
<testsuite skipped="0" hostname="Mohammeds-MBP.cable.rcn.com" name="selenium.chalenges.DragAndDrops" tests="1" failures="0" timestamp="03 Nov 2021 23:56:25 GMT" time="4.996" errors="0">
  <testcase name="DragnDrop" time="4.996" classname="selenium.chalenges.DragAndDrops"/>
</testsuite> <!-- selenium.chalenges.DragAndDrops -->
